Using default config.
Using config: {'_save_checkpoints_secs': 600, '_session_config': None, '_keep_checkpoint_max': 5, '_task_type': 'worker', '_global_id_in_cluster': 0, '_is_chief': True, '_cluster_spec': <tensorflow.python.training.server_lib.ClusterSpec object at 0x7f8e8746f050>, '_evaluation_master': '', '_save_checkpoints_steps': None, '_keep_checkpoint_every_n_hours': 10000, '_service': None, '_num_ps_replicas': 0, '_tf_random_seed': None, '_master': '', '_num_worker_replicas': 1, '_task_id': 0, '_log_step_count_steps': 100, '_model_dir': 'convnet_model', '_save_summary_steps': 100}
Calling model_fn.
From /home/aweeeezy/bin/school/spring2018/258_Deep_Learning/Deep-Learning/midterm_2/env/local/lib/python2.7/site-packages/tensorflow/contrib/learn/python/learn/datasets/base.py:198: retry (from tensorflow.contrib.learn.python.learn.datasets.base) is deprecated and will be removed in a future version.
Instructions for updating:
Use the retry module or similar alternatives.
Done calling model_fn.
Create CheckpointSaverHook.
Graph was finalized.
Running local_init_op.
Done running local_init_op.
Saving checkpoints for 1 into convnet_model/model.ckpt.
loss = 1.7946881, step = 1
loss = 1.7946881
loss = 1.7943401 (16.044 sec)
loss = 1.7928267 (17.418 sec)
loss = 1.7903235 (17.317 sec)
loss = 1.7822821 (16.829 sec)
loss = 1.682651 (16.929 sec)
loss = 1.6852279 (16.849 sec)
loss = 1.5557035 (17.106 sec)
loss = 1.5718526 (17.438 sec)
loss = 1.4869702 (17.466 sec)
global_step/sec: 0.586242
loss = 1.5072585, step = 101 (170.580 sec)
loss = 1.5072585 (17.183 sec)
loss = 1.4366658 (17.432 sec)
loss = 1.359319 (17.074 sec)
loss = 1.3217703 (16.869 sec)
loss = 1.343708 (17.305 sec)
loss = 1.3100783 (17.504 sec)
loss = 1.3068829 (17.483 sec)
loss = 1.2631828 (17.220 sec)
loss = 1.303021 (17.049 sec)
loss = 1.3317806 (17.100 sec)
global_step/sec: 0.581006
loss = 1.2864819, step = 201 (172.117 sec)
loss = 1.2864819 (17.080 sec)
loss = 1.2238884 (17.465 sec)
loss = 1.1876714 (17.335 sec)
loss = 1.2160925 (17.170 sec)
loss = 1.2013143 (16.905 sec)
loss = 1.206174 (17.029 sec)
loss = 1.2103518 (17.033 sec)
loss = 1.1977662 (17.368 sec)
loss = 1.2381483 (17.243 sec)
loss = 1.1773248 (17.281 sec)
global_step/sec: 0.580774
loss = 1.1842942, step = 301 (172.182 sec)
loss = 1.1842942 (17.352 sec)
loss = 1.1820291 (16.840 sec)
loss = 1.1659392 (16.986 sec)
loss = 1.2006947 (17.006 sec)
loss = 1.1963338 (17.042 sec)
Saving checkpoints for 351 into convnet_model/model.ckpt.
loss = 1.1508006 (17.634 sec)
loss = 1.1308464 (17.157 sec)
loss = 1.1302723 (17.264 sec)
loss = 1.1322519 (16.956 sec)
loss = 1.1587256 (16.762 sec)
global_step/sec: 0.586057
loss = 1.13765, step = 401 (170.632 sec)
loss = 1.13765 (16.984 sec)
loss = 1.128688 (16.851 sec)
loss = 1.155492 (17.070 sec)
loss = 1.1397128 (17.393 sec)
loss = 1.1310508 (17.336 sec)
loss = 1.1207223 (16.995 sec)
loss = 1.1116568 (17.163 sec)
loss = 1.1458441 (16.879 sec)
loss = 1.1184616 (16.865 sec)
loss = 1.1036812 (16.972 sec)
global_step/sec: 0.585253
loss = 1.1288037, step = 501 (170.867 sec)
loss = 1.1288037 (17.342 sec)
loss = 1.1303099 (17.467 sec)
loss = 1.1033183 (17.226 sec)
loss = 1.109105 (16.928 sec)
loss = 1.1011935 (16.882 sec)
loss = 1.096896 (16.959 sec)
loss = 1.1235075 (16.845 sec)
loss = 1.108246 (15.513 sec)
loss = 1.1070874 (17.242 sec)
loss = 1.1013719 (18.007 sec)
global_step/sec: 0.586355
loss = 1.1366726, step = 601 (170.545 sec)
loss = 1.1366726 (17.477 sec)
loss = 1.1224561 (17.319 sec)
loss = 1.0947082 (17.167 sec)
loss = 1.1223276 (15.380 sec)
loss = 1.1055554 (18.648 sec)
loss = 1.135108 (16.917 sec)
loss = 1.086875 (16.455 sec)
loss = 1.1070035 (17.467 sec)
loss = 1.1083351 (17.357 sec)
loss = 1.083266 (16.988 sec)
global_step/sec: 0.585992
loss = 1.1183741, step = 701 (170.650 sec)
loss = 1.1183741 (16.952 sec)
Saving checkpoints for 703 into convnet_model/model.ckpt.
loss = 1.09306 (17.051 sec)
loss = 1.0688102 (17.299 sec)
loss = 1.0760914 (17.449 sec)
loss = 1.0743055 (17.530 sec)
loss = 1.0750259 (16.381 sec)
loss = 1.0630091 (17.529 sec)
loss = 1.0696223 (17.652 sec)
loss = 1.0898303 (17.460 sec)
loss = 1.0778434 (17.110 sec)
global_step/sec: 0.580192
loss = 1.064656, step = 801 (172.357 sec)
loss = 1.064656 (16.897 sec)
loss = 1.0637614 (16.819 sec)
loss = 1.0680195 (17.522 sec)
loss = 1.0799686 (17.293 sec)
loss = 1.0956695 (17.461 sec)
loss = 1.1041594 (17.135 sec)
loss = 1.0603217 (16.938 sec)
loss = 1.0525836 (16.931 sec)
loss = 1.0569692 (16.802 sec)
loss = 1.059413 (17.182 sec)
global_step/sec: 0.58366
loss = 1.0909165, step = 901 (171.333 sec)
loss = 1.0909165 (17.250 sec)
loss = 1.0653172 (17.360 sec)
loss = 1.0659606 (17.374 sec)
loss = 1.0640019 (17.221 sec)
loss = 1.0676416 (17.446 sec)
loss = 1.0801148 (16.832 sec)
loss = 1.0632554 (17.624 sec)
loss = 1.0665067 (17.320 sec)
loss = 1.0640075 (17.400 sec)
loss = 1.068216 (16.961 sec)
Saving checkpoints for 1000 into convnet_model/model.ckpt.
Loss for final step: 1.0681512.
Calling model_fn.
Done calling model_fn.
Starting evaluation at 2018-04-16-04:25:49
Graph was finalized.
Restoring parameters from convnet_model/model.ckpt-1000
Running local_init_op.
Done running local_init_op.
Finished evaluation at 2018-04-16-04:26:19
Saving dict for global step 1000: accuracy = 0.99196076, global_step = 1000, loss = 1.0511458
Calling model_fn.
Done calling model_fn.
Starting evaluation at 2018-04-16-04:26:19
Graph was finalized.
Restoring parameters from convnet_model/model.ckpt-1000
Running local_init_op.
Done running local_init_op.
Finished evaluation at 2018-04-16-04:26:20
Saving dict for global step 1000: accuracy = 0.9444444, global_step = 1000, loss = 1.117717
